\BOOKMARK [1][-]{section.1}{Definiciones B\341sicas}{}% 1
\BOOKMARK [2][-]{subsection.1.1}{Variables estad\355sticas}{section.1}% 2
\BOOKMARK [1][-]{section.2}{Las tablas de frecuencias}{}% 3
\BOOKMARK [2][-]{subsubsection.2.0.1}{Definici\363n}{section.2}% 4
\BOOKMARK [3][-]{subsubsection.2.0.2}{Notaci\363n}{subsubsection.2.0.1}% 5
\BOOKMARK [1][-]{section.3}{Medidas de concentraci\363n}{}% 6
\BOOKMARK [2][-]{subsection.3.1}{Media}{section.3}% 7
\BOOKMARK [3][-]{subsubsection.3.1.1}{Idea geom\351trica}{subsection.3.1}% 8
\BOOKMARK [3][-]{subsubsection.3.1.2}{C\363mo calcularla}{subsection.3.1}% 9
\BOOKMARK [3][-]{subsubsection.3.1.3}{Ejemplos}{subsection.3.1}% 10
\BOOKMARK [3][-]{subsubsection.3.1.4}{Propiedades de la media}{subsection.3.1}% 11
\BOOKMARK [2][-]{subsection.3.2}{Moda}{section.3}% 12
\BOOKMARK [3][-]{subsubsection.3.2.1}{C\363mo calcularla}{subsection.3.2}% 13
\BOOKMARK [3][-]{subsubsection.3.2.2}{Ejemplo}{subsection.3.2}% 14
\BOOKMARK [2][-]{subsection.3.3}{Mediana}{section.3}% 15
\BOOKMARK [3][-]{subsubsection.3.3.1}{C\363mo calcularla}{subsection.3.3}% 16
\BOOKMARK [3][-]{subsubsection.3.3.2}{Ejemplo 1}{subsection.3.3}% 17
\BOOKMARK [3][-]{subsubsection.3.3.3}{Ejemplo 2}{subsection.3.3}% 18
\BOOKMARK [3][-]{subsubsection.3.3.4}{Propiedades de la mediana}{subsection.3.3}% 19
\BOOKMARK [1][-]{section.4}{Medidas de orden}{}% 20
\BOOKMARK [2][-]{subsection.4.1}{Cuartiles y percentiles}{section.4}% 21
\BOOKMARK [3][-]{subsubsection.4.1.1}{C\363mo calcularlos}{subsection.4.1}% 22
\BOOKMARK [3][-]{subsubsection.4.1.2}{Ejemplos}{subsection.4.1}% 23
\BOOKMARK [1][-]{section.5}{Medidas de dispersi\363n}{}% 24
\BOOKMARK [2][-]{subsection.5.1}{Rango y rango intercuart\355lico}{section.5}% 25
\BOOKMARK [2][-]{subsection.5.2}{Varianza y desviaci\363n t\355pica}{section.5}% 26
\BOOKMARK [3][-]{subsubsection.5.2.1}{C\341lculo mediante tablas de frecuencias}{subsection.5.2}% 27
\BOOKMARK [2][-]{subsection.5.3}{Desviaci\363n media}{section.5}% 28
\BOOKMARK [2][-]{subsection.5.4}{Ejemplos}{section.5}% 29
\BOOKMARK [1][-]{section.6}{Gr\341ficos estad\355sticos}{}% 30
\BOOKMARK [2][-]{subsection.6.1}{Histogramas y pol\355gonos de frecuencias}{section.6}% 31
\BOOKMARK [3][-]{subsubsection.6.1.1}{Propiedades y usos}{subsection.6.1}% 32
\BOOKMARK [2][-]{subsection.6.2}{Diagramas de sectores}{section.6}% 33
\BOOKMARK [3][-]{subsubsection.6.2.1}{Propiedades y usos}{subsection.6.2}% 34
\BOOKMARK [2][-]{subsection.6.3}{Diagrama de cajas y bigotes}{section.6}% 35
\BOOKMARK [3][-]{subsubsection.6.3.1}{Propiedades y usos}{subsection.6.3}% 36
\BOOKMARK [1][-]{section.7}{Bibliograf\355a}{}% 37
